<?xml version="1.0" encoding="UTF-8"?>
<testsuite xmlns:xsi="http://www.w3.org/2001/XMLSchema-instance" xsi:noNamespaceSchemaLocation="https://maven.apache.org/surefire/maven-surefire-plugin/xsd/surefire-test-report.xsd" name="Tests.CartItemTest" time="362.202" tests="10" errors="0" skipped="0" failures="0">
  <properties>
[...]
</properties>
  <testcase name="addBasketFromCartItemFloatButton" classname="Tests.CartItemTest" time="39.484"/>
  <testcase name="checkElementOnCartItem" classname="Tests.CartItemTest" time="50.068"/>
  <testcase name="checkSnackChooseSize" classname="Tests.CartItemTest" time="37.244"/>
  <testcase name="checkAddBacketFloat" classname="Tests.CartItemTest" time="34.075"/>
  <testcase name="imageGallery" classname="Tests.CartItemTest" time="28.577"/>
  <testcase name="addBasketFromCartItemMainButton" classname="Tests.CartItemTest" time="29.574"/>
  <testcase name="videoOnItem" classname="Tests.CartItemTest" time="39.547"/>
  <testcase name="checkDefaultPickup" classname="Tests.CartItemTest" time="35.599"/>
  <testcase name="checkItemWithRichContent" classname="Tests.CartItemTest" time="31.369"/>
  <testcase name="openTableSize" classname="Tests.CartItemTest" time="36.66"/>
</testsuite>