<?xml version="1.0" encoding="UTF-8"?>
<testsuite xmlns:xsi="http://www.w3.org/2001/XMLSchema-instance" xsi:noNamespaceSchemaLocation="https://maven.apache.org/surefire/maven-surefire-plugin/xsd/surefire-test-report.xsd" name="Tests.BasketTest" time="572.415" tests="14" errors="2" skipped="0" failures="0">
  <properties>
[...]
</properties>
  <testcase name="changeCity" classname="Tests.BasketTest" time="25.641"/>
  <testcase name="expressDeliveryIsAvailableTrue" classname="Tests.BasketTest" time="43.71">
    <error message="Expected condition failed: waiting for presence of element located by: By.id: ru.sportmaster.app.v4:id/by_cart_btn (tried for 10 second(s) with 500 milliseconds interval)" type="org.openqa.selenium.TimeoutException">org.openqa.selenium.TimeoutException: Expected condition failed: waiting for presence of element located by: By.id: ru.sportmaster.app.v4:id/by_cart_btn (tried for 10 second(s) with 500 milliseconds interval)
	at Tests.BasketTest.expressDeliveryIsAvailableTrue(BasketTest.java:234)
Caused by: org.openqa.selenium.NoSuchElementException: 
An element could not be located on the page using the given search parameters.
For documentation on this error, please visit: https://www.seleniumhq.org/exceptions/no_such_element.html
Build info: version: '3.141.59', revision: 'e82be7d358', time: '2018-11-14T08:17:03'
System info: host: 'DESKTOP-3BVGB91', ip: '192.168.56.1', os.name: 'Windows 10', os.arch: 'amd64', os.version: '10.0', java.version: '11'
Driver info: io.appium.java_client.android.AndroidDriver
Capabilities {appActivity: ru.sportmaster.app.view.App..., appPackage: ru.sportmaster.app.v4, automationName: UiAutomator2, databaseEnabled: false, desired: {appActivity: ru.sportmaster.app.view.App..., appPackage: ru.sportmaster.app.v4, automationName: UiAutomator2, deviceName: Pixel 3, platformName: android, platformVersion: 11}, deviceApiLevel: 30, deviceManufacturer: Google, deviceModel: Pixel 3, deviceName: 8B6X14AL9, deviceScreenDensity: 440, deviceScreenSize: 1080x2160, deviceUDID: 8B6X14AL9, javascriptEnabled: true, locationContextEnabled: false, networkConnectionEnabled: true, pixelRatio: 2.75, platform: LINUX, platformName: LINUX, platformVersion: 11, statBarHeight: 66, takesScreenshot: true, viewportRect: {height: 1962, left: 0, top: 66, width: 1080}, warnings: {}, webStorageEnabled: false}
Session ID: 467a06be-d129-44f3-af5d-e6fa8f18fd97
*** Element info: {Using=id, value=ru.sportmaster.app.v4:id/by_cart_btn}
	at Tests.BasketTest.expressDeliveryIsAvailableTrue(BasketTest.java:234)
</error>
    <system-out><![CDATA[Приложение запущено

Click on element: By.id: ru.sportmaster.app.v4:id/toolbarButton
Click on element: By.AccessibilityId: catalog
Click on element: By.id: ru.sportmaster.app.v4:id/search_by_text
Click on element: By.xpath: /hierarchy/android.widget.FrameLayout/android.widget.LinearLayout/android.widget.FrameLayout/android.widget.LinearLayout/android.widget.FrameLayout/android.widget.FrameLayout/android.widget.FrameLayout/android.widget.FrameLayout/android.widget.FrameLayout/android.widget.FrameLayout/android.widget.FrameLayout/android.widget.FrameLayout/android.widget.FrameLayout/android.view.ViewGroup/android.widget.LinearLayout/android.view.ViewGroup/androidx.recyclerview.widget.RecyclerView/android.widget.LinearLayout[1]/android.widget.RelativeLayout[2]/android.widget.ImageView
Click on element: By.xpath: //android.view.ViewGroup/androidx.recyclerview.widget.RecyclerView/androidx.cardview.widget.CardView[1]
Click on element: By.id: ru.sportmaster.app.v4:id/order
Элемент присутствует By.id: ru.sportmaster.app.v4:id/snackbar_text
Click on element: By.AccessibilityId: cart

Приложение закрыто
]]></system-out>
    <system-err><![CDATA[нояб. 10, 2021 6:49:43 PM io.appium.java_client.remote.AppiumCommandExecutor$1 lambda$0
INFO: Detected dialect: W3C
]]></system-err>
  </testcase>
  <testcase name="openCartItemFromBasket" classname="Tests.BasketTest" time="43.911"/>
  <testcase name="checkLabelOnItem" classname="Tests.BasketTest" time="38.566"/>
  <testcase name="checkEmptyBasket" classname="Tests.BasketTest" time="24.178"/>
  <testcase name="checkElementOnCityChooser" classname="Tests.BasketTest" time="23.1"/>
  <testcase name="checkBoxTotal" classname="Tests.BasketTest" time="38.748"/>
  <testcase name="expressDeliveryShowDeliveryButtonFalse" classname="Tests.BasketTest" time="38.538">
    <error message="Expected condition failed: waiting for presence of element located by: By.id: ru.sportmaster.app.v4:id/by_cart_btn (tried for 10 second(s) with 500 milliseconds interval)" type="org.openqa.selenium.TimeoutException">org.openqa.selenium.TimeoutException: Expected condition failed: waiting for presence of element located by: By.id: ru.sportmaster.app.v4:id/by_cart_btn (tried for 10 second(s) with 500 milliseconds interval)
	at Tests.BasketTest.expressDeliveryShowDeliveryButtonFalse(BasketTest.java:253)
Caused by: org.openqa.selenium.NoSuchElementException: 
An element could not be located on the page using the given search parameters.
For documentation on this error, please visit: https://www.seleniumhq.org/exceptions/no_such_element.html
Build info: version: '3.141.59', revision: 'e82be7d358', time: '2018-11-14T08:17:03'
System info: host: 'DESKTOP-3BVGB91', ip: '192.168.56.1', os.name: 'Windows 10', os.arch: 'amd64', os.version: '10.0', java.version: '11'
Driver info: io.appium.java_client.android.AndroidDriver
Capabilities {appActivity: ru.sportmaster.app.view.App..., appPackage: ru.sportmaster.app.v4, automationName: UiAutomator2, databaseEnabled: false, desired: {appActivity: ru.sportmaster.app.view.App..., appPackage: ru.sportmaster.app.v4, automationName: UiAutomator2, deviceName: Pixel 3, platformName: android, platformVersion: 11}, deviceApiLevel: 30, deviceManufacturer: Google, deviceModel: Pixel 3, deviceName: 8B6X14AL9, deviceScreenDensity: 440, deviceScreenSize: 1080x2160, deviceUDID: 8B6X14AL9, javascriptEnabled: true, locationContextEnabled: false, networkConnectionEnabled: true, pixelRatio: 2.75, platform: LINUX, platformName: LINUX, platformVersion: 11, statBarHeight: 66, takesScreenshot: true, viewportRect: {height: 1962, left: 0, top: 66, width: 1080}, warnings: {}, webStorageEnabled: false}
Session ID: d5e1df63-8595-4c66-b44d-9d00c987dd06
*** Element info: {Using=id, value=ru.sportmaster.app.v4:id/by_cart_btn}
	at Tests.BasketTest.expressDeliveryShowDeliveryButtonFalse(BasketTest.java:253)
</error>
    <system-out><![CDATA[Приложение запущено

Click on element: By.id: ru.sportmaster.app.v4:id/toolbarButton
Click on element: By.AccessibilityId: catalog
Click on element: By.id: ru.sportmaster.app.v4:id/search_by_text
Click on element: By.xpath: /hierarchy/android.widget.FrameLayout/android.widget.LinearLayout/android.widget.FrameLayout/android.widget.LinearLayout/android.widget.FrameLayout/android.widget.FrameLayout/android.widget.FrameLayout/android.widget.FrameLayout/android.widget.FrameLayout/android.widget.FrameLayout/android.widget.FrameLayout/android.widget.FrameLayout/android.widget.FrameLayout/android.view.ViewGroup/android.widget.LinearLayout/android.view.ViewGroup/androidx.recyclerview.widget.RecyclerView/android.widget.LinearLayout[1]/android.widget.RelativeLayout[2]/android.widget.ImageView
Click on element: By.xpath: //android.view.ViewGroup/androidx.recyclerview.widget.RecyclerView/androidx.cardview.widget.CardView[1]
Click on element: By.id: ru.sportmaster.app.v4:id/order
Элемент присутствует By.id: ru.sportmaster.app.v4:id/snackbar_text
Click on element: By.AccessibilityId: cart

Приложение закрыто
]]></system-out>
    <system-err><![CDATA[нояб. 10, 2021 6:53:15 PM io.appium.java_client.remote.AppiumCommandExecutor$1 lambda$0
INFO: Detected dialect: W3C
]]></system-err>
  </testcase>
  <testcase name="unavailableBox" classname="Tests.BasketTest" time="41.201"/>
  <testcase name="availableForPickupInSingleStoreTrue" classname="Tests.BasketTest" time="54.909"/>
  <testcase name="availableForPickupInSingleStoreFalse" classname="Tests.BasketTest" time="54.209"/>
  <testcase name="expressDeliveryIsAvailableFalse" classname="Tests.BasketTest" time="54.48"/>
  <testcase name="itemsInBasket" classname="Tests.BasketTest" time="39.723"/>
  <testcase name="checkBoxCredit" classname="Tests.BasketTest" time="51.458"/>
</testsuite>