<?xml version="1.0" encoding="UTF-8"?>
<testsuite xmlns:xsi="http://www.w3.org/2001/XMLSchema-instance" xsi:noNamespaceSchemaLocation="https://maven.apache.org/surefire/maven-surefire-plugin/xsd/surefire-test-report.xsd" name="Tests.AuthorizationTest" time="46.242" tests="2" errors="0" skipped="0" failures="0">
  <properties>
[...]
</properties>
  <testcase name="sendIncorrectCode" classname="Tests.AuthorizationTest" time="27.502"/>
  <testcase name="checkAuthPage" classname="Tests.AuthorizationTest" time="18.479"/>
</testsuite>