<?xml version="1.0" encoding="UTF-8"?>
<testsuite xmlns:xsi="http://www.w3.org/2001/XMLSchema-instance" xsi:noNamespaceSchemaLocation="https://maven.apache.org/surefire/maven-surefire-plugin/xsd/surefire-test-report.xsd" name="Tests.ListingTest" time="79.6" tests="3" errors="1" skipped="0" failures="0">
  <properties>
[...]
</properties>
  <testcase name="checkElementOnItem" classname="Tests.ListingTest" time="29.696"/>
  <testcase name="addBasketFromListing" classname="Tests.ListingTest" time="33.374"/>
  <testcase name="checkElementsOnListing" classname="Tests.ListingTest" time="16.528">
    <error message="Expected condition failed: waiting for presence of element located by: By.AccessibilityId: catalog (tried for 10 second(s) with 500 milliseconds interval)" type="org.openqa.selenium.TimeoutException">org.openqa.selenium.TimeoutException: Expected condition failed: waiting for presence of element located by: By.AccessibilityId: catalog (tried for 10 second(s) with 500 milliseconds interval)
	at Tests.ListingTest.checkElementsOnListing(ListingTest.java:21)
Caused by: org.openqa.selenium.NoSuchElementException: 
An element could not be located on the page using the given search parameters.
For documentation on this error, please visit: https://www.seleniumhq.org/exceptions/no_such_element.html
Build info: version: '3.141.59', revision: 'e82be7d358', time: '2018-11-14T08:17:03'
System info: host: 'DESKTOP-3BVGB91', ip: '192.168.56.1', os.name: 'Windows 10', os.arch: 'amd64', os.version: '10.0', java.version: '11'
Driver info: io.appium.java_client.android.AndroidDriver
Capabilities {appActivity: ru.sportmaster.app.view.App..., appPackage: ru.sportmaster.app.v4, automationName: UiAutomator2, databaseEnabled: false, desired: {appActivity: ru.sportmaster.app.view.App..., appPackage: ru.sportmaster.app.v4, automationName: UiAutomator2, deviceName: Pixel 3, platformName: android, platformVersion: 11}, deviceApiLevel: 30, deviceManufacturer: Google, deviceModel: Pixel 3, deviceName: 8B6X14AL9, deviceScreenDensity: 440, deviceScreenSize: 1080x2160, deviceUDID: 8B6X14AL9, javascriptEnabled: true, locationContextEnabled: false, networkConnectionEnabled: true, pixelRatio: 2.75, platform: LINUX, platformName: Android, platformVersion: 11, statBarHeight: 66, takesScreenshot: true, viewportRect: {height: 1962, left: 0, top: 66, width: 1080}, warnings: {}, webStorageEnabled: false}
Session ID: c02189c2-64b7-4e8f-a95b-3f2b641ac6f8
*** Element info: {Using=accessibility id, value=catalog}
	at Tests.ListingTest.checkElementsOnListing(ListingTest.java:21)
</error>
    <system-out><![CDATA[Приложение запущено


Приложение закрыто
]]></system-out>
    <system-err><![CDATA[окт. 08, 2021 3:18:20 PM io.appium.java_client.remote.AppiumCommandExecutor$1 lambda$0
INFO: Detected dialect: W3C
]]></system-err>
  </testcase>
</testsuite>